[05-May-2025 00:33:20 Europe/Berlin] PHP Warning:  require(C:\xampp\htdocs\EdinaJamakovic\Introduction-to-Web-Programming\backend/vendor/autoload.php): Failed to open stream: No such file or directory in C:\xampp\htdocs\EdinaJamakovic\Introduction-to-Web-Programming\backend\index.php on line 9
[05-May-2025 00:33:20 Europe/Berlin] PHP Fatal error:  Uncaught Error: Failed opening required 'C:\xampp\htdocs\EdinaJamakovic\Introduction-to-Web-Programming\backend/vendor/autoload.php' (include_path='C:\xampp\php\PEAR') in C:\xampp\htdocs\EdinaJamakovic\Introduction-to-Web-Programming\backend\index.php:9
Stack trace:
#0 {main}
  thrown in C:\xampp\htdocs\EdinaJamakovic\Introduction-to-Web-Programming\backend\index.php on line 9
[05-May-2025 00:33:26 Europe/Berlin] PHP Warning:  require(C:\xampp\htdocs\EdinaJamakovic\Introduction-to-Web-Programming\backend/vendor/autoload.php): Failed to open stream: No such file or directory in C:\xampp\htdocs\EdinaJamakovic\Introduction-to-Web-Programming\backend\index.php on line 9
[05-May-2025 00:33:26 Europe/Berlin] PHP Fatal error:  Uncaught Error: Failed opening required 'C:\xampp\htdocs\EdinaJamakovic\Introduction-to-Web-Programming\backend/vendor/autoload.php' (include_path='C:\xampp\php\PEAR') in C:\xampp\htdocs\EdinaJamakovic\Introduction-to-Web-Programming\backend\index.php:9
Stack trace:
#0 {main}
  thrown in C:\xampp\htdocs\EdinaJamakovic\Introduction-to-Web-Programming\backend\index.php on line 9
[05-May-2025 00:35:42 Europe/Berlin] PHP Warning:  require_once(./backend/rest/dao/AppointmentDao.php): Failed to open stream: No such file or directory in C:\xampp\htdocs\EdinaJamakovic\Introduction-to-Web-Programming\backend\rest\services\AppointmentService.php on line 3
[05-May-2025 00:35:42 Europe/Berlin] PHP Fatal error:  Uncaught Error: Failed opening required './backend/rest/dao/AppointmentDao.php' (include_path='C:\xampp\php\PEAR') in C:\xampp\htdocs\EdinaJamakovic\Introduction-to-Web-Programming\backend\rest\services\AppointmentService.php:3
Stack trace:
#0 C:\xampp\htdocs\EdinaJamakovic\Introduction-to-Web-Programming\backend\index.php(12): require_once()
#1 {main}
  thrown in C:\xampp\htdocs\EdinaJamakovic\Introduction-to-Web-Programming\backend\rest\services\AppointmentService.php on line 3
[05-May-2025 00:36:55 Europe/Berlin] Table: appointments
[05-May-2025 00:36:55 Europe/Berlin] Rows found: 23
[05-May-2025 02:10:54 Europe/Berlin] PHP Warning:  require_once(../dao/AppointmentDao.php): Failed to open stream: No such file or directory in C:\xampp\htdocs\EdinaJamakovic\Introduction-to-Web-Programming\backend\rest\services\AppointmentService.php on line 3
[05-May-2025 02:10:54 Europe/Berlin] PHP Fatal error:  Uncaught Error: Failed opening required '../dao/AppointmentDao.php' (include_path='C:\xampp\php\PEAR') in C:\xampp\htdocs\EdinaJamakovic\Introduction-to-Web-Programming\backend\rest\services\AppointmentService.php:3
Stack trace:
#0 C:\xampp\htdocs\EdinaJamakovic\Introduction-to-Web-Programming\backend\index.php(12): require_once()
#1 {main}
  thrown in C:\xampp\htdocs\EdinaJamakovic\Introduction-to-Web-Programming\backend\rest\services\AppointmentService.php on line 3
[14-May-2025 13:45:29 Europe/Berlin] PHP Warning:  require_once(C:\xampp\php\pear): Failed to open stream: Permission denied in C:\xampp\htdocs\EdinaJamakovic\Introduction-to-Web-Programming\backend\rest\routes\AuthRoutes.php on line 93
[14-May-2025 13:45:29 Europe/Berlin] PHP Fatal error:  Uncaught Error: Failed opening required '' (include_path='C:\xampp\php\PEAR') in C:\xampp\htdocs\EdinaJamakovic\Introduction-to-Web-Programming\backend\rest\routes\AuthRoutes.php:93
Stack trace:
#0 C:\xampp\htdocs\EdinaJamakovic\Introduction-to-Web-Programming\backend\index.php(30): require_once()
#1 {main}
  thrown in C:\xampp\htdocs\EdinaJamakovic\Introduction-to-Web-Programming\backend\rest\routes\AuthRoutes.php on line 93
[14-May-2025 13:45:30 Europe/Berlin] PHP Warning:  require_once(C:\xampp\php\pear): Failed to open stream: Permission denied in C:\xampp\htdocs\EdinaJamakovic\Introduction-to-Web-Programming\backend\rest\routes\AuthRoutes.php on line 93
[14-May-2025 13:45:30 Europe/Berlin] PHP Fatal error:  Uncaught Error: Failed opening required '' (include_path='C:\xampp\php\PEAR') in C:\xampp\htdocs\EdinaJamakovic\Introduction-to-Web-Programming\backend\rest\routes\AuthRoutes.php:93
Stack trace:
#0 C:\xampp\htdocs\EdinaJamakovic\Introduction-to-Web-Programming\backend\index.php(30): require_once()
#1 {main}
  thrown in C:\xampp\htdocs\EdinaJamakovic\Introduction-to-Web-Programming\backend\rest\routes\AuthRoutes.php on line 93
[14-May-2025 13:45:41 Europe/Berlin] PHP Warning:  require_once(C:\xampp\php\pear): Failed to open stream: Permission denied in C:\xampp\htdocs\EdinaJamakovic\Introduction-to-Web-Programming\backend\rest\routes\AuthRoutes.php on line 93
[14-May-2025 13:45:41 Europe/Berlin] PHP Fatal error:  Uncaught Error: Failed opening required '' (include_path='C:\xampp\php\PEAR') in C:\xampp\htdocs\EdinaJamakovic\Introduction-to-Web-Programming\backend\rest\routes\AuthRoutes.php:93
Stack trace:
#0 C:\xampp\htdocs\EdinaJamakovic\Introduction-to-Web-Programming\backend\index.php(30): require_once()
#1 {main}
  thrown in C:\xampp\htdocs\EdinaJamakovic\Introduction-to-Web-Programming\backend\rest\routes\AuthRoutes.php on line 93
[14-May-2025 13:45:41 Europe/Berlin] PHP Warning:  require_once(C:\xampp\php\pear): Failed to open stream: Permission denied in C:\xampp\htdocs\EdinaJamakovic\Introduction-to-Web-Programming\backend\rest\routes\AuthRoutes.php on line 93
[14-May-2025 13:45:41 Europe/Berlin] PHP Fatal error:  Uncaught Error: Failed opening required '' (include_path='C:\xampp\php\PEAR') in C:\xampp\htdocs\EdinaJamakovic\Introduction-to-Web-Programming\backend\rest\routes\AuthRoutes.php:93
Stack trace:
#0 C:\xampp\htdocs\EdinaJamakovic\Introduction-to-Web-Programming\backend\index.php(30): require_once()
#1 {main}
  thrown in C:\xampp\htdocs\EdinaJamakovic\Introduction-to-Web-Programming\backend\rest\routes\AuthRoutes.php on line 93
[14-May-2025 13:45:54 Europe/Berlin] PHP Warning:  require_once(C:\xampp\php\pear): Failed to open stream: Permission denied in C:\xampp\htdocs\EdinaJamakovic\Introduction-to-Web-Programming\backend\rest\routes\AuthRoutes.php on line 93
[14-May-2025 13:45:54 Europe/Berlin] PHP Fatal error:  Uncaught Error: Failed opening required '' (include_path='C:\xampp\php\PEAR') in C:\xampp\htdocs\EdinaJamakovic\Introduction-to-Web-Programming\backend\rest\routes\AuthRoutes.php:93
Stack trace:
#0 C:\xampp\htdocs\EdinaJamakovic\Introduction-to-Web-Programming\backend\index.php(30): require_once()
#1 {main}
  thrown in C:\xampp\htdocs\EdinaJamakovic\Introduction-to-Web-Programming\backend\rest\routes\AuthRoutes.php on line 93
[14-May-2025 13:56:06 Europe/Berlin] PHP Warning:  require_once(C:\xampp\php\pear): Failed to open stream: Permission denied in C:\xampp\htdocs\EdinaJamakovic\Introduction-to-Web-Programming\backend\rest\routes\AuthRoutes.php on line 93
[14-May-2025 13:56:06 Europe/Berlin] PHP Fatal error:  Uncaught Error: Failed opening required '' (include_path='C:\xampp\php\PEAR') in C:\xampp\htdocs\EdinaJamakovic\Introduction-to-Web-Programming\backend\rest\routes\AuthRoutes.php:93
Stack trace:
#0 C:\xampp\htdocs\EdinaJamakovic\Introduction-to-Web-Programming\backend\index.php(30): require_once()
#1 {main}
  thrown in C:\xampp\htdocs\EdinaJamakovic\Introduction-to-Web-Programming\backend\rest\routes\AuthRoutes.php on line 93
[14-May-2025 13:56:06 Europe/Berlin] PHP Warning:  require_once(C:\xampp\php\pear): Failed to open stream: Permission denied in C:\xampp\htdocs\EdinaJamakovic\Introduction-to-Web-Programming\backend\rest\routes\AuthRoutes.php on line 93
[14-May-2025 13:56:06 Europe/Berlin] PHP Fatal error:  Uncaught Error: Failed opening required '' (include_path='C:\xampp\php\PEAR') in C:\xampp\htdocs\EdinaJamakovic\Introduction-to-Web-Programming\backend\rest\routes\AuthRoutes.php:93
Stack trace:
#0 C:\xampp\htdocs\EdinaJamakovic\Introduction-to-Web-Programming\backend\index.php(30): require_once()
#1 {main}
  thrown in C:\xampp\htdocs\EdinaJamakovic\Introduction-to-Web-Programming\backend\rest\routes\AuthRoutes.php on line 93
[14-May-2025 13:56:41 Europe/Berlin] PHP Warning:  require_once(C:\xampp\php\pear): Failed to open stream: Permission denied in C:\xampp\htdocs\EdinaJamakovic\Introduction-to-Web-Programming\backend\rest\routes\AuthRoutes.php on line 93
[14-May-2025 13:56:41 Europe/Berlin] PHP Fatal error:  Uncaught Error: Failed opening required '' (include_path='C:\xampp\php\PEAR') in C:\xampp\htdocs\EdinaJamakovic\Introduction-to-Web-Programming\backend\rest\routes\AuthRoutes.php:93
Stack trace:
#0 C:\xampp\htdocs\EdinaJamakovic\Introduction-to-Web-Programming\backend\index.php(30): require_once()
#1 {main}
  thrown in C:\xampp\htdocs\EdinaJamakovic\Introduction-to-Web-Programming\backend\rest\routes\AuthRoutes.php on line 93
[14-May-2025 14:15:34 Europe/Berlin] Table: users
[14-May-2025 14:15:34 Europe/Berlin] Rows found: 11
[21-May-2025 13:57:29 Europe/Berlin] PHP Warning:  require_once(C:\xampp\htdocs\EdinaJamakovic\Introduction-to-Web-Programming\backend/rest/services/UserService.php): Failed to open stream: No such file or directory in C:\xampp\htdocs\EdinaJamakovic\Introduction-to-Web-Programming\backend\index.php on line 17
[21-May-2025 13:57:29 Europe/Berlin] PHP Fatal error:  Uncaught Error: Failed opening required 'C:\xampp\htdocs\EdinaJamakovic\Introduction-to-Web-Programming\backend/rest/services/UserService.php' (include_path='C:\xampp\php\PEAR') in C:\xampp\htdocs\EdinaJamakovic\Introduction-to-Web-Programming\backend\index.php:17
Stack trace:
#0 {main}
  thrown in C:\xampp\htdocs\EdinaJamakovic\Introduction-to-Web-Programming\backend\index.php on line 17
[25-May-2025 22:54:35 Europe/Berlin] PHP Warning:  require_once(../../data/roles.php): Failed to open stream: No such file or directory in C:\xampp\htdocs\EdinaJamakovic\Introduction-to-Web-Programming\backend\rest\routes\AppointmentRoutes.php on line 2
[25-May-2025 22:54:35 Europe/Berlin] PHP Fatal error:  Uncaught Error: Failed opening required '../../data/roles.php' (include_path='C:\xampp\php\PEAR') in C:\xampp\htdocs\EdinaJamakovic\Introduction-to-Web-Programming\backend\rest\routes\AppointmentRoutes.php:2
Stack trace:
#0 C:\xampp\htdocs\EdinaJamakovic\Introduction-to-Web-Programming\backend\index.php(29): require_once()
#1 {main}
  thrown in C:\xampp\htdocs\EdinaJamakovic\Introduction-to-Web-Programming\backend\rest\routes\AppointmentRoutes.php on line 2
[25-May-2025 22:54:35 Europe/Berlin] PHP Warning:  require_once(../../data/roles.php): Failed to open stream: No such file or directory in C:\xampp\htdocs\EdinaJamakovic\Introduction-to-Web-Programming\backend\rest\routes\AppointmentRoutes.php on line 2
[25-May-2025 22:54:35 Europe/Berlin] PHP Fatal error:  Uncaught Error: Failed opening required '../../data/roles.php' (include_path='C:\xampp\php\PEAR') in C:\xampp\htdocs\EdinaJamakovic\Introduction-to-Web-Programming\backend\rest\routes\AppointmentRoutes.php:2
Stack trace:
#0 C:\xampp\htdocs\EdinaJamakovic\Introduction-to-Web-Programming\backend\index.php(29): require_once()
#1 {main}
  thrown in C:\xampp\htdocs\EdinaJamakovic\Introduction-to-Web-Programming\backend\rest\routes\AppointmentRoutes.php on line 2
[25-May-2025 22:54:42 Europe/Berlin] PHP Warning:  require_once(../../data/roles.php): Failed to open stream: No such file or directory in C:\xampp\htdocs\EdinaJamakovic\Introduction-to-Web-Programming\backend\rest\routes\AppointmentRoutes.php on line 2
[25-May-2025 22:54:42 Europe/Berlin] PHP Fatal error:  Uncaught Error: Failed opening required '../../data/roles.php' (include_path='C:\xampp\php\PEAR') in C:\xampp\htdocs\EdinaJamakovic\Introduction-to-Web-Programming\backend\rest\routes\AppointmentRoutes.php:2
Stack trace:
#0 C:\xampp\htdocs\EdinaJamakovic\Introduction-to-Web-Programming\backend\index.php(29): require_once()
#1 {main}
  thrown in C:\xampp\htdocs\EdinaJamakovic\Introduction-to-Web-Programming\backend\rest\routes\AppointmentRoutes.php on line 2
[25-May-2025 22:55:32 Europe/Berlin] PHP Warning:  require_once(backend/data/roles.php): Failed to open stream: No such file or directory in C:\xampp\htdocs\EdinaJamakovic\Introduction-to-Web-Programming\backend\rest\routes\AppointmentRoutes.php on line 2
[25-May-2025 22:55:32 Europe/Berlin] PHP Fatal error:  Uncaught Error: Failed opening required 'backend/data/roles.php' (include_path='C:\xampp\php\PEAR') in C:\xampp\htdocs\EdinaJamakovic\Introduction-to-Web-Programming\backend\rest\routes\AppointmentRoutes.php:2
Stack trace:
#0 C:\xampp\htdocs\EdinaJamakovic\Introduction-to-Web-Programming\backend\index.php(29): require_once()
#1 {main}
  thrown in C:\xampp\htdocs\EdinaJamakovic\Introduction-to-Web-Programming\backend\rest\routes\AppointmentRoutes.php on line 2
[25-May-2025 22:55:32 Europe/Berlin] PHP Warning:  require_once(backend/data/roles.php): Failed to open stream: No such file or directory in C:\xampp\htdocs\EdinaJamakovic\Introduction-to-Web-Programming\backend\rest\routes\AppointmentRoutes.php on line 2
[25-May-2025 22:55:32 Europe/Berlin] PHP Fatal error:  Uncaught Error: Failed opening required 'backend/data/roles.php' (include_path='C:\xampp\php\PEAR') in C:\xampp\htdocs\EdinaJamakovic\Introduction-to-Web-Programming\backend\rest\routes\AppointmentRoutes.php:2
Stack trace:
#0 C:\xampp\htdocs\EdinaJamakovic\Introduction-to-Web-Programming\backend\index.php(29): require_once()
#1 {main}
  thrown in C:\xampp\htdocs\EdinaJamakovic\Introduction-to-Web-Programming\backend\rest\routes\AppointmentRoutes.php on line 2
[25-May-2025 22:55:37 Europe/Berlin] PHP Warning:  require_once(backend/data/roles.php): Failed to open stream: No such file or directory in C:\xampp\htdocs\EdinaJamakovic\Introduction-to-Web-Programming\backend\rest\routes\AppointmentRoutes.php on line 2
[25-May-2025 22:55:37 Europe/Berlin] PHP Fatal error:  Uncaught Error: Failed opening required 'backend/data/roles.php' (include_path='C:\xampp\php\PEAR') in C:\xampp\htdocs\EdinaJamakovic\Introduction-to-Web-Programming\backend\rest\routes\AppointmentRoutes.php:2
Stack trace:
#0 C:\xampp\htdocs\EdinaJamakovic\Introduction-to-Web-Programming\backend\index.php(29): require_once()
#1 {main}
  thrown in C:\xampp\htdocs\EdinaJamakovic\Introduction-to-Web-Programming\backend\rest\routes\AppointmentRoutes.php on line 2
[25-May-2025 23:27:58 Europe/Berlin] PHP Warning:  The use statement with non-compound name 'DomainException' has no effect in C:\xampp\htdocs\EdinaJamakovic\Introduction-to-Web-Programming\backend\middleware\AuthMiddleWare.php on line 7
[25-May-2025 23:27:58 Europe/Berlin] PHP Warning:  The use statement with non-compound name 'UnexpectedValueException' has no effect in C:\xampp\htdocs\EdinaJamakovic\Introduction-to-Web-Programming\backend\middleware\AuthMiddleWare.php on line 8
[25-May-2025 23:38:32 Europe/Berlin] PHP Warning:  The use statement with non-compound name 'DomainException' has no effect in C:\xampp\htdocs\EdinaJamakovic\Introduction-to-Web-Programming\backend\middleware\AuthMiddleWare.php on line 7
[25-May-2025 23:38:32 Europe/Berlin] PHP Warning:  The use statement with non-compound name 'UnexpectedValueException' has no effect in C:\xampp\htdocs\EdinaJamakovic\Introduction-to-Web-Programming\backend\middleware\AuthMiddleWare.php on line 8
[25-May-2025 23:38:32 Europe/Berlin] PHP Warning:  The use statement with non-compound name 'DomainException' has no effect in C:\xampp\htdocs\EdinaJamakovic\Introduction-to-Web-Programming\backend\middleware\AuthMiddleWare.php on line 7
[25-May-2025 23:38:32 Europe/Berlin] PHP Warning:  The use statement with non-compound name 'UnexpectedValueException' has no effect in C:\xampp\htdocs\EdinaJamakovic\Introduction-to-Web-Programming\backend\middleware\AuthMiddleWare.php on line 8
[25-May-2025 23:38:36 Europe/Berlin] PHP Warning:  The use statement with non-compound name 'DomainException' has no effect in C:\xampp\htdocs\EdinaJamakovic\Introduction-to-Web-Programming\backend\middleware\AuthMiddleWare.php on line 7
[25-May-2025 23:38:36 Europe/Berlin] PHP Warning:  The use statement with non-compound name 'UnexpectedValueException' has no effect in C:\xampp\htdocs\EdinaJamakovic\Introduction-to-Web-Programming\backend\middleware\AuthMiddleWare.php on line 8
[25-May-2025 23:38:37 Europe/Berlin] PHP Warning:  The use statement with non-compound name 'DomainException' has no effect in C:\xampp\htdocs\EdinaJamakovic\Introduction-to-Web-Programming\backend\middleware\AuthMiddleWare.php on line 7
[25-May-2025 23:38:37 Europe/Berlin] PHP Warning:  The use statement with non-compound name 'UnexpectedValueException' has no effect in C:\xampp\htdocs\EdinaJamakovic\Introduction-to-Web-Programming\backend\middleware\AuthMiddleWare.php on line 8
[25-May-2025 23:38:39 Europe/Berlin] PHP Warning:  The use statement with non-compound name 'DomainException' has no effect in C:\xampp\htdocs\EdinaJamakovic\Introduction-to-Web-Programming\backend\middleware\AuthMiddleWare.php on line 7
[25-May-2025 23:38:39 Europe/Berlin] PHP Warning:  The use statement with non-compound name 'UnexpectedValueException' has no effect in C:\xampp\htdocs\EdinaJamakovic\Introduction-to-Web-Programming\backend\middleware\AuthMiddleWare.php on line 8
[25-May-2025 23:45:18 Europe/Berlin] PHP Warning:  The use statement with non-compound name 'DomainException' has no effect in C:\xampp\htdocs\EdinaJamakovic\Introduction-to-Web-Programming\backend\middleware\AuthMiddleWare.php on line 7
[25-May-2025 23:45:18 Europe/Berlin] PHP Warning:  The use statement with non-compound name 'UnexpectedValueException' has no effect in C:\xampp\htdocs\EdinaJamakovic\Introduction-to-Web-Programming\backend\middleware\AuthMiddleWare.php on line 8
[25-May-2025 23:45:43 Europe/Berlin] PHP Warning:  The use statement with non-compound name 'DomainException' has no effect in C:\xampp\htdocs\EdinaJamakovic\Introduction-to-Web-Programming\backend\middleware\AuthMiddleWare.php on line 7
[25-May-2025 23:45:43 Europe/Berlin] PHP Warning:  The use statement with non-compound name 'UnexpectedValueException' has no effect in C:\xampp\htdocs\EdinaJamakovic\Introduction-to-Web-Programming\backend\middleware\AuthMiddleWare.php on line 8
[25-May-2025 23:45:51 Europe/Berlin] PHP Warning:  The use statement with non-compound name 'DomainException' has no effect in C:\xampp\htdocs\EdinaJamakovic\Introduction-to-Web-Programming\backend\middleware\AuthMiddleWare.php on line 7
[25-May-2025 23:45:51 Europe/Berlin] PHP Warning:  The use statement with non-compound name 'UnexpectedValueException' has no effect in C:\xampp\htdocs\EdinaJamakovic\Introduction-to-Web-Programming\backend\middleware\AuthMiddleWare.php on line 8
[08-Jun-2025 18:39:46 Europe/Berlin] Table: services
[08-Jun-2025 18:39:46 Europe/Berlin] Rows found: 14
[08-Jun-2025 18:40:10 Europe/Berlin] Table: services
[08-Jun-2025 18:40:10 Europe/Berlin] Rows found: 14
[08-Jun-2025 18:40:27 Europe/Berlin] Table: services
[08-Jun-2025 18:40:27 Europe/Berlin] Rows found: 14
[08-Jun-2025 18:42:51 Europe/Berlin] Table: services
[08-Jun-2025 18:42:51 Europe/Berlin] Rows found: 14
[08-Jun-2025 18:47:59 Europe/Berlin] Table: services
[08-Jun-2025 18:47:59 Europe/Berlin] Rows found: 14
[08-Jun-2025 18:48:49 Europe/Berlin] Table: services
[08-Jun-2025 18:48:49 Europe/Berlin] Rows found: 14
[08-Jun-2025 18:49:18 Europe/Berlin] Table: services
[08-Jun-2025 18:49:18 Europe/Berlin] Rows found: 14
[08-Jun-2025 18:50:49 Europe/Berlin] Table: services
[08-Jun-2025 18:50:49 Europe/Berlin] Rows found: 14
[08-Jun-2025 18:51:08 Europe/Berlin] Table: services
[08-Jun-2025 18:51:08 Europe/Berlin] Rows found: 14
[08-Jun-2025 19:58:46 Europe/Berlin] Table: services
[08-Jun-2025 19:58:46 Europe/Berlin] Rows found: 14
[08-Jun-2025 20:02:02 Europe/Berlin] Table: services
[08-Jun-2025 20:02:02 Europe/Berlin] Rows found: 14
[08-Jun-2025 20:02:44 Europe/Berlin] Table: services
[08-Jun-2025 20:02:44 Europe/Berlin] Rows found: 14
[08-Jun-2025 20:32:46 Europe/Berlin] Table: services
[08-Jun-2025 20:32:46 Europe/Berlin] Rows found: 14
[08-Jun-2025 20:37:14 Europe/Berlin] Table: services
[08-Jun-2025 20:37:14 Europe/Berlin] Rows found: 14
[08-Jun-2025 20:43:07 Europe/Berlin] PHP Parse error:  syntax error, unexpected token "<", expecting end of file in C:\xampp\htdocs\EdinaJamakovic\Introduction-to-Web-Programming\backend\rest\routes\AppointmentRoutes.php on line 168
[08-Jun-2025 20:43:07 Europe/Berlin] PHP Parse error:  syntax error, unexpected token "<", expecting end of file in C:\xampp\htdocs\EdinaJamakovic\Introduction-to-Web-Programming\backend\rest\routes\AppointmentRoutes.php on line 168
[08-Jun-2025 20:43:40 Europe/Berlin] PHP Parse error:  syntax error, unexpected token "<", expecting end of file in C:\xampp\htdocs\EdinaJamakovic\Introduction-to-Web-Programming\backend\rest\routes\AppointmentRoutes.php on line 168
[08-Jun-2025 20:43:40 Europe/Berlin] PHP Parse error:  syntax error, unexpected token "<", expecting end of file in C:\xampp\htdocs\EdinaJamakovic\Introduction-to-Web-Programming\backend\rest\routes\AppointmentRoutes.php on line 168
[08-Jun-2025 20:44:05 Europe/Berlin] PHP Parse error:  syntax error, unexpected token "<", expecting end of file in C:\xampp\htdocs\EdinaJamakovic\Introduction-to-Web-Programming\backend\rest\routes\AppointmentRoutes.php on line 168
[08-Jun-2025 20:44:05 Europe/Berlin] PHP Parse error:  syntax error, unexpected token "<", expecting end of file in C:\xampp\htdocs\EdinaJamakovic\Introduction-to-Web-Programming\backend\rest\routes\AppointmentRoutes.php on line 168
[08-Jun-2025 20:44:07 Europe/Berlin] PHP Parse error:  syntax error, unexpected token "<", expecting end of file in C:\xampp\htdocs\EdinaJamakovic\Introduction-to-Web-Programming\backend\rest\routes\AppointmentRoutes.php on line 168
[08-Jun-2025 21:10:21 Europe/Berlin] Table: services
[08-Jun-2025 21:10:21 Europe/Berlin] Rows found: 14
[08-Jun-2025 21:13:19 Europe/Berlin] Table: services
[08-Jun-2025 21:13:19 Europe/Berlin] Rows found: 14
[08-Jun-2025 21:14:12 Europe/Berlin] Table: services
[08-Jun-2025 21:14:12 Europe/Berlin] Rows found: 14
[08-Jun-2025 21:14:32 Europe/Berlin] Table: services
[08-Jun-2025 21:14:32 Europe/Berlin] Rows found: 14
[08-Jun-2025 21:16:31 Europe/Berlin] Table: services
[08-Jun-2025 21:16:31 Europe/Berlin] Rows found: 14
[08-Jun-2025 21:20:10 Europe/Berlin] Table: services
[08-Jun-2025 21:20:10 Europe/Berlin] Rows found: 14
[08-Jun-2025 21:39:11 Europe/Berlin] Table: services
[08-Jun-2025 21:39:11 Europe/Berlin] Rows found: 14
[08-Jun-2025 21:41:01 Europe/Berlin] Table: services
[08-Jun-2025 21:41:01 Europe/Berlin] Rows found: 14
[08-Jun-2025 21:42:09 Europe/Berlin] Table: services
[08-Jun-2025 21:42:09 Europe/Berlin] Rows found: 14
[08-Jun-2025 21:43:52 Europe/Berlin] Table: services
[08-Jun-2025 21:43:52 Europe/Berlin] Rows found: 14
[08-Jun-2025 21:49:21 Europe/Berlin] Table: services
[08-Jun-2025 21:49:21 Europe/Berlin] Rows found: 14
[11-Jun-2025 09:05:24 Europe/Berlin] PHP Parse error:  syntax error, unexpected token ";" in C:\xampp\htdocs\EdinaJamakovic\Introduction-to-Web-Programming\backend\rest\services\AppointmentService.php on line 14
[11-Jun-2025 09:07:20 Europe/Berlin] PHP Parse error:  syntax error, unexpected token ";" in C:\xampp\htdocs\EdinaJamakovic\Introduction-to-Web-Programming\backend\rest\services\AppointmentService.php on line 14
[11-Jun-2025 09:07:40 Europe/Berlin] PHP Parse error:  syntax error, unexpected token ";" in C:\xampp\htdocs\EdinaJamakovic\Introduction-to-Web-Programming\backend\rest\services\AppointmentService.php on line 14
[11-Jun-2025 09:11:41 Europe/Berlin] PHP Parse error:  syntax error, unexpected token ";" in C:\xampp\htdocs\EdinaJamakovic\Introduction-to-Web-Programming\backend\rest\services\AppointmentService.php on line 14
[11-Jun-2025 09:14:14 Europe/Berlin] PHP Parse error:  syntax error, unexpected token ";" in C:\xampp\htdocs\EdinaJamakovic\Introduction-to-Web-Programming\backend\rest\services\AppointmentService.php on line 14
[11-Jun-2025 09:14:36 Europe/Berlin] PHP Parse error:  syntax error, unexpected token ";" in C:\xampp\htdocs\EdinaJamakovic\Introduction-to-Web-Programming\backend\rest\services\AppointmentService.php on line 14
[11-Jun-2025 09:14:41 Europe/Berlin] PHP Parse error:  syntax error, unexpected token ";" in C:\xampp\htdocs\EdinaJamakovic\Introduction-to-Web-Programming\backend\rest\services\AppointmentService.php on line 14
